2026-03-21 19:40:57,834 - Bootstrap - INFO - 启动服务: http://0.0.0.0:5000
2026-03-21 19:45:26,426 - web.routes - INFO - 收到上传文件: mmexport1774093483958.jpg -> b0ff55d7b4944b9f9e6525c6258543df.jpg
2026-03-21 19:45:26,427 - models.detector - INFO - 正在初始化检测器...
2026-03-21 19:45:26,427 - models.detector - INFO - 线程 Thread-7 (process_request_thread) 正在加载模型权重: E:\learnpytorch\web_fire\weights\best.pt
2026-03-21 19:45:26,427 - web.routes - ERROR - 检测流程出错: 模型权重文件不存在: E:\learnpytorch\web_fire\weights\best.pt
Traceback (most recent call last):
  File "E:\learnpytorch\web_fire\web\routes.py", line 44, in upload_and_detect
    det = get_detector()
  File "E:\learnpytorch\web_fire\web\routes.py", line 18, in get_detector
    detector = HighResDetector(MODEL_CONFIG)
  File "E:\learnpytorch\web_fire\models\detector.py", line 30, in __init__
    self._get_model()
  File "E:\learnpytorch\web_fire\models\detector.py", line 37, in _get_model
    raise FileNotFoundError(f"模型权重文件不存在: {self.model_path}")
FileNotFoundError: 模型权重文件不存在: E:\learnpytorch\web_fire\weights\best.pt
2026-03-21 19:49:12,108 - Bootstrap - INFO - 启动服务: http://0.0.0.0:5000
2026-03-21 19:56:37,157 - models.detector - INFO - 正在初始化检测器...
2026-03-21 19:56:37,158 - models.detector - INFO - 线程 MainThread 正在加载模型权重: E:\learnpytorch\web_fire\weights\best.pt
2026-03-21 19:56:37,195 - models.detector - INFO - 总任务数: 2
2026-03-21 19:56:37,196 - models.detector - INFO - 线程 ThreadPoolExecutor-0_0 正在加载模型权重: E:\learnpytorch\web_fire\weights\best.pt
2026-03-21 19:56:37,197 - models.detector - INFO - 线程 ThreadPoolExecutor-0_1 正在加载模型权重: E:\learnpytorch\web_fire\weights\best.pt
2026-03-21 19:56:38,967 - models.detector - INFO - 初步检测框数: 0
2026-03-21 19:56:38,969 - models.detector - INFO - 检测总耗时: 1.78s
2026-03-21 19:57:05,518 - web.routes - INFO - 收到上传文件: mmexport1774093483958.jpg -> 8f0a4901da304461a631cc1fcbd2cafe.jpg
2026-03-21 19:57:05,518 - models.detector - INFO - 正在初始化检测器...
2026-03-21 19:57:05,518 - models.detector - INFO - 线程 Thread-8 (process_request_thread) 正在加载模型权重: E:\learnpytorch\web_fire\weights\best.pt
2026-03-21 19:57:06,008 - models.detector - INFO - 总任务数: 13
2026-03-21 19:57:06,010 - models.detector - INFO - 线程 ThreadPoolExecutor-0_0 正在加载模型权重: E:\learnpytorch\web_fire\weights\best.pt
2026-03-21 19:57:06,011 - models.detector - INFO - 线程 ThreadPoolExecutor-0_1 正在加载模型权重: E:\learnpytorch\web_fire\weights\best.pt
2026-03-21 19:57:08,121 - models.detector - INFO - 初步检测框数: 7
2026-03-21 19:57:08,158 - web.routes - ERROR - 检测流程出错: unsupported operand type(s) for +: 'map' and 'list'
Traceback (most recent call last):
  File "E:\learnpytorch\web_fire\web\routes.py", line 48, in upload_and_detect
    boxes, _ = det.predict(original_path, result_image_path)
  File "E:\learnpytorch\web_fire\models\detector.py", line 168, in predict
    x1, y1, x2, y2, conf, cc = map(int, det[:4]) + det[4:]
TypeError: unsupported operand type(s) for +: 'map' and 'list'
2026-03-21 19:57:20,920 - web.routes - INFO - 收到上传文件: mmexport1774093483958.jpg -> a9ab603e8dae4972b9f24e5980e73092.jpg
2026-03-21 19:57:21,281 - models.detector - INFO - 总任务数: 13
2026-03-21 19:57:21,281 - models.detector - INFO - 线程 ThreadPoolExecutor-1_0 正在加载模型权重: E:\learnpytorch\web_fire\weights\best.pt
2026-03-21 19:57:21,282 - models.detector - INFO - 线程 ThreadPoolExecutor-1_1 正在加载模型权重: E:\learnpytorch\web_fire\weights\best.pt
2026-03-21 19:57:21,821 - models.detector - INFO - 初步检测框数: 7
2026-03-21 19:57:21,852 - web.routes - ERROR - 检测流程出错: unsupported operand type(s) for +: 'map' and 'list'
Traceback (most recent call last):
  File "E:\learnpytorch\web_fire\web\routes.py", line 48, in upload_and_detect
    boxes, _ = det.predict(original_path, result_image_path)
  File "E:\learnpytorch\web_fire\models\detector.py", line 168, in predict
    x1, y1, x2, y2, conf, cc = map(int, det[:4]) + det[4:]
TypeError: unsupported operand type(s) for +: 'map' and 'list'
2026-03-21 19:59:19,415 - Bootstrap - INFO - 启动服务: http://0.0.0.0:5000
2026-03-21 19:59:36,134 - web.routes - INFO - 收到上传文件: mmexport1774093483958.jpg -> 7bb1148ac77a4213af1208858deb7500.jpg
2026-03-21 19:59:36,134 - models.detector - INFO - 正在初始化检测器...
2026-03-21 19:59:36,134 - models.detector - INFO - 线程 Thread-3 (process_request_thread) 正在加载模型权重: E:\learnpytorch\web_fire\weights\best.pt
2026-03-21 19:59:36,569 - models.detector - INFO - 总任务数: 13
2026-03-21 19:59:36,569 - models.detector - INFO - 线程 ThreadPoolExecutor-0_0 正在加载模型权重: E:\learnpytorch\web_fire\weights\best.pt
2026-03-21 19:59:36,570 - models.detector - INFO - 线程 ThreadPoolExecutor-0_1 正在加载模型权重: E:\learnpytorch\web_fire\weights\best.pt
2026-03-21 19:59:38,443 - models.detector - INFO - 初步检测框数: 7
2026-03-21 19:59:39,215 - models.detector - INFO - 结果图已保存: E:\learnpytorch\web_fire\storage\results\result_7bb1148ac77a4213af1208858deb7500.jpg
2026-03-21 19:59:39,215 - models.detector - INFO - 检测总耗时: 3.00s
2026-03-21 19:59:39,374 - utils.helpers - INFO - 缩略图生成成功: E:\learnpytorch\web_fire\storage\thumbs\thumb_7bb1148ac77a4213af1208858deb7500.jpg
2026-03-21 19:59:39,375 - web.routes - ERROR - 检测流程出错: Could not build url for endpoint 'main.serve_storage' with values ['filename']. Did you mean 'serve_storage' instead?
Traceback (most recent call last):
  File "E:\learnpytorch\web_fire\web\routes.py", line 80, in upload_and_detect
    'thumbnail_url': url_for('main.serve_storage', filename=f'thumbs/{thumb_name}', _external=True),
  File "E:\pytorch\envs\pytorch\lib\site-packages\flask\helpers.py", line 220, in url_for
    return current_app.url_for(
  File "E:\pytorch\envs\pytorch\lib\site-packages\flask\app.py", line 1084, in url_for
    return self.handle_url_build_error(error, endpoint, values)
  File "E:\pytorch\envs\pytorch\lib\site-packages\flask\app.py", line 1073, in url_for
    rv = url_adapter.build(  # type: ignore[union-attr]
  File "E:\pytorch\envs\pytorch\lib\site-packages\werkzeug\routing\map.py", line 924, in build
    raise BuildError(endpoint, values, method, self)
werkzeug.routing.exceptions.BuildError: Could not build url for endpoint 'main.serve_storage' with values ['filename']. Did you mean 'serve_storage' instead?
2026-03-21 20:04:41,347 - Bootstrap - INFO - 启动服务: http://0.0.0.0:5000
2026-03-21 20:05:28,257 - web.routes - INFO - 收到上传文件: mmexport1774093483958.jpg -> 84afd0b2524348b6b081eba75634d5f8.jpg
2026-03-21 20:05:28,257 - models.detector - INFO - 正在初始化检测器...
2026-03-21 20:05:28,257 - models.detector - INFO - 线程 Thread-5 (process_request_thread) 正在加载模型权重: E:\learnpytorch\web_fire\weights\best.pt
2026-03-21 20:05:28,693 - models.detector - INFO - 总任务数: 13
2026-03-21 20:05:28,694 - models.detector - INFO - 线程 ThreadPoolExecutor-0_0 正在加载模型权重: E:\learnpytorch\web_fire\weights\best.pt
2026-03-21 20:05:28,694 - models.detector - INFO - 线程 ThreadPoolExecutor-0_1 正在加载模型权重: E:\learnpytorch\web_fire\weights\best.pt
2026-03-21 20:05:30,555 - models.detector - INFO - 初步检测框数: 7
2026-03-21 20:05:31,355 - models.detector - INFO - 结果图已保存: E:\learnpytorch\web_fire\storage\results\result_84afd0b2524348b6b081eba75634d5f8.jpg
2026-03-21 20:05:31,355 - models.detector - INFO - 检测总耗时: 3.01s
2026-03-21 20:05:31,508 - utils.helpers - INFO - 缩略图生成成功: E:\learnpytorch\web_fire\storage\thumbs\thumb_84afd0b2524348b6b081eba75634d5f8.jpg
2026-03-21 20:08:32,805 - Bootstrap - INFO - 启动服务: http://0.0.0.0:5000
2026-03-21 20:09:49,907 - web.routes - INFO - 收到上传文件: 1000008925.jpg -> 962c736d72cd4ee6942e1547d2255232.jpg
2026-03-21 20:09:49,907 - models.detector - INFO - 正在初始化检测器...
2026-03-21 20:09:49,907 - models.detector - INFO - 线程 Thread-4 (process_request_thread) 正在加载模型权重: E:\learnpytorch\web_fire\weights\best.pt
2026-03-21 20:09:50,345 - models.detector - INFO - 总任务数: 13
2026-03-21 20:09:50,346 - models.detector - INFO - 线程 ThreadPoolExecutor-0_0 正在加载模型权重: E:\learnpytorch\web_fire\weights\best.pt
2026-03-21 20:09:50,347 - models.detector - INFO - 线程 ThreadPoolExecutor-0_1 正在加载模型权重: E:\learnpytorch\web_fire\weights\best.pt
2026-03-21 20:09:52,223 - models.detector - INFO - 初步检测框数: 7
2026-03-21 20:09:53,003 - models.detector - INFO - 结果图已保存: E:\learnpytorch\web_fire\storage\results\result_962c736d72cd4ee6942e1547d2255232.jpg
2026-03-21 20:09:53,003 - models.detector - INFO - 检测总耗时: 3.01s
2026-03-21 20:09:53,155 - utils.helpers - INFO - 缩略图生成成功: E:\learnpytorch\web_fire\storage\thumbs\thumb_962c736d72cd4ee6942e1547d2255232.jpg
2026-03-22 09:56:14,877 - web.routes - INFO - 正在预加载检测器模型...
2026-03-22 09:56:14,877 - models.detector - INFO - 正在初始化检测器...
2026-03-22 09:56:14,877 - models.detector - INFO - 线程 MainThread 正在加载模型权重: E:\learnpytorch\web_fire\weights\best.pt
2026-03-22 09:56:15,008 - web.routes - INFO - ✅ 检测器模型加载成功！
2026-03-22 09:56:15,009 - Bootstrap - INFO - 启动服务: http://0.0.0.0:5000
2026-03-22 10:05:54,998 - web.routes - INFO - 正在预加载检测器模型...
2026-03-22 10:05:54,999 - models.detector - INFO - 正在初始化检测器...
2026-03-22 10:05:54,999 - models.detector - INFO - 线程 MainThread 正在加载模型权重: E:\learnpytorch\web_fire\weights\best.pt
2026-03-22 10:05:55,080 - web.routes - INFO - ✅ 检测器模型加载成功！
2026-03-22 10:05:55,082 - Bootstrap - INFO - 启动服务: http://0.0.0.0:5000
2026-03-22 10:21:50,586 - web.routes - INFO - 正在预加载检测器模型...
2026-03-22 10:21:50,586 - models.detector - INFO - 正在初始化检测器...
2026-03-22 10:21:50,586 - models.detector - INFO - 线程 MainThread 正在加载模型权重: E:\learnpytorch\web_fire\weights\best.pt
2026-03-22 10:21:50,668 - web.routes - INFO - ✅ 检测器模型加载成功！
2026-03-22 10:21:50,669 - Bootstrap - INFO - 启动服务: http://0.0.0.0:5000
2026-03-22 10:22:40,985 - web.routes - INFO - 文件上传成功: 考试录用公务员报名确认系统.pdf -> pdf
2026-03-22 10:24:07,380 - web.routes - INFO - 文件上传成功: score_100392203017_2025-10-26_09_47_25.pdf -> score_100392203017_2025-10-26_09_47_25.pdf
2026-03-22 10:25:03,828 - web.routes - INFO - 文件删除成功: public/pdf
2026-03-22 10:27:00,324 - web.routes - INFO - 正在预加载检测器模型...
2026-03-22 10:27:00,324 - models.detector - INFO - 正在初始化检测器...
2026-03-22 10:27:00,324 - models.detector - INFO - 线程 MainThread 正在加载模型权重: E:\learnpytorch\web_fire\weights\best.pt
2026-03-22 10:27:00,408 - web.routes - INFO - ✅ 检测器模型加载成功！
2026-03-22 10:27:00,410 - Bootstrap - INFO - 启动服务: http://0.0.0.0:5000
2026-03-22 10:27:13,002 - web.routes - INFO - 文件上传成功: 考试录用公务员报名确认系统.pdf -> 考试录用公务员报名确认系统.pdf
2026-03-22 10:27:31,700 - web.routes - INFO - 文件删除成功: public/考试录用公务员报名确认系统.pdf
2026-03-22 10:27:34,268 - web.routes - INFO - 文件删除成功: public/score_100392203017_2025-10-26_09_47_25.pdf
2026-03-22 10:42:15,273 - web.routes - INFO - 正在预加载检测器模型...
2026-03-22 10:42:15,273 - models.detector - INFO - 正在初始化检测器...
2026-03-22 10:42:15,273 - models.detector - INFO - 线程 MainThread 正在加载模型权重: E:\learnpytorch\web_fire\weights\best.pt
2026-03-22 10:42:15,358 - web.routes - INFO - ✅ 检测器模型加载成功！
2026-03-22 10:42:15,361 - Bootstrap - INFO - 启动服务: http://0.0.0.0:5000
2026-03-22 10:43:19,218 - web.routes - INFO - 新用户注册: lyh666
2026-03-22 10:43:30,945 - web.routes - INFO - 用户登录: lyh666
2026-03-22 10:44:37,656 - web.routes - INFO - 收到检测任务: mmexport1774147460625.jpg -> d822416e55ce42a5b2fe678e9dec47e9.jpg
2026-03-22 10:44:38,005 - models.detector - INFO - 总任务数: 13
2026-03-22 10:44:38,006 - models.detector - INFO - 线程 ThreadPoolExecutor-0_0 正在加载模型权重: E:\learnpytorch\web_fire\weights\best.pt
2026-03-22 10:44:38,006 - models.detector - INFO - 线程 ThreadPoolExecutor-0_1 正在加载模型权重: E:\learnpytorch\web_fire\weights\best.pt
2026-03-22 10:44:39,930 - models.detector - INFO - 初步检测框数: 7
2026-03-22 10:44:40,788 - models.detector - INFO - 结果图已保存: E:\learnpytorch\web_fire\storage\results\result_d822416e55ce42a5b2fe678e9dec47e9.jpg
2026-03-22 10:44:40,789 - models.detector - INFO - 检测总耗时: 3.13s
2026-03-22 10:44:40,947 - utils.helpers - INFO - 缩略图生成成功: E:\learnpytorch\web_fire\storage\thumbs\thumb_d822416e55ce42a5b2fe678e9dec47e9.jpg
2026-03-22 10:45:46,147 - web.routes - INFO - 用户登录: lyh666
2026-03-22 10:47:21,077 - web.routes - INFO - 文件上传成功: 中华人民共和国消防法.pdf -> 中华人民共和国消防法.pdf
2026-03-22 10:53:37,103 - web.routes - INFO - 正在预加载检测器模型...
2026-03-22 10:53:37,104 - models.detector - INFO - 正在初始化检测器...
2026-03-22 10:53:37,104 - models.detector - INFO - 线程 MainThread 正在加载模型权重: E:\learnpytorch\web_fire\weights\best.pt
2026-03-22 10:53:37,188 - web.routes - INFO - ✅ 检测器模型加载成功！
2026-03-22 10:53:37,190 - Bootstrap - INFO - 启动服务: http://0.0.0.0:5000
2026-03-22 20:18:57,760 - web.routes - INFO - 正在预加载检测器模型...
2026-03-22 20:18:57,760 - models.detector - INFO - 正在初始化检测器...
2026-03-22 20:18:57,760 - models.detector - INFO - 线程 MainThread 正在加载模型权重: E:\learnpytorch\web_fire\weights\best.pt
2026-03-22 20:18:57,899 - web.routes - INFO - ✅ 检测器模型加载成功！
2026-03-22 20:18:57,902 - Bootstrap - INFO - 启动服务: http://0.0.0.0:5000
2026-03-22 20:19:44,185 - web.routes - INFO - 用户登录: lyh666
2026-03-22 20:20:30,077 - web.routes - INFO - 文件上传成功: 1773838037842.jpg -> 1773838037842.jpg
2026-03-22 20:23:40,267 - web.routes - INFO - 收到检测任务: mmexport1774093483958.jpg -> d082ee735cd0499e867e554977797824.jpg
2026-03-22 20:23:40,615 - models.detector - INFO - 总任务数: 13
2026-03-22 20:23:40,616 - models.detector - INFO - 线程 ThreadPoolExecutor-0_0 正在加载模型权重: E:\learnpytorch\web_fire\weights\best.pt
2026-03-22 20:23:40,617 - models.detector - INFO - 线程 ThreadPoolExecutor-0_1 正在加载模型权重: E:\learnpytorch\web_fire\weights\best.pt
2026-03-22 20:23:42,701 - models.detector - INFO - 初步检测框数: 7
2026-03-22 20:23:43,542 - models.detector - INFO - 结果图已保存: E:\learnpytorch\web_fire\storage\results\result_d082ee735cd0499e867e554977797824.jpg
2026-03-22 20:23:43,542 - models.detector - INFO - 检测总耗时: 3.27s
2026-03-22 20:23:43,693 - utils.helpers - INFO - 缩略图生成成功: E:\learnpytorch\web_fire\storage\thumbs\thumb_d082ee735cd0499e867e554977797824.jpg
2026-03-22 20:24:48,522 - web.routes - INFO - 文件上传成功: 1773444845918.png -> 1773444845918.png
2026-03-22 20:25:22,667 - web.routes - INFO - 用户登出: lyh666
2026-03-22 20:27:18,492 - web.routes - INFO - 正在预加载检测器模型...
2026-03-22 20:27:18,492 - models.detector - INFO - 正在初始化检测器...
2026-03-22 20:27:18,492 - models.detector - INFO - 线程 MainThread 正在加载模型权重: E:\learnpytorch\web_fire\weights\best.pt
2026-03-22 20:27:18,569 - web.routes - INFO - ✅ 检测器模型加载成功！
2026-03-22 20:27:18,572 - Bootstrap - INFO - 启动服务: http://0.0.0.0:5000
2026-03-22 20:30:52,031 - web.routes - INFO - 正在预加载检测器模型...
2026-03-22 20:30:52,032 - models.detector - INFO - 正在初始化检测器...
2026-03-22 20:30:52,032 - models.detector - INFO - 线程 MainThread 正在加载模型权重: E:\learnpytorch\web_fire\weights\best.pt
2026-03-22 20:30:52,109 - web.routes - INFO - ✅ 检测器模型加载成功！
2026-03-22 20:30:52,112 - Bootstrap - INFO - 启动服务: http://0.0.0.0:5000
2026-03-22 20:34:45,467 - web.routes - INFO - 正在预加载检测器模型...
2026-03-22 20:34:45,467 - models.detector - INFO - 正在初始化检测器...
2026-03-22 20:34:45,467 - models.detector - INFO - 线程 MainThread 正在加载模型权重: E:\learnpytorch\web_fire\weights\best.pt
2026-03-22 20:34:45,547 - web.routes - INFO - ✅ 检测器模型加载成功！
2026-03-22 20:34:45,549 - Bootstrap - INFO - 启动服务: http://0.0.0.0:5000
2026-03-22 20:43:01,584 - web.routes - INFO - 正在预加载检测器模型...
2026-03-22 20:43:01,584 - models.detector - INFO - 正在初始化检测器...
2026-03-22 20:43:01,584 - models.detector - INFO - 线程 MainThread 正在加载模型权重: E:\learnpytorch\web_fire\weights\best.pt
2026-03-22 20:43:01,671 - web.routes - INFO - ✅ 检测器模型加载成功！
2026-03-22 20:43:01,674 - Bootstrap - INFO - 启动服务: http://0.0.0.0:5000
2026-03-22 20:43:20,339 - web.routes - INFO - 管理员账户 lyh123 已持久化到 users.json
2026-03-22 20:43:20,339 - web.routes - INFO - 用户登录: lyh123
2026-03-22 21:03:14,971 - web.routes - INFO - 正在预加载检测器模型...
2026-03-22 21:03:14,971 - models.detector - INFO - 正在初始化检测器...
2026-03-22 21:03:14,971 - models.detector - INFO - 线程 MainThread 正在加载模型权重: E:\learnpytorch\web_fire\weights\best.pt
2026-03-22 21:03:15,056 - web.routes - INFO - ✅ 检测器模型加载成功！
2026-03-22 21:03:15,060 - Bootstrap - INFO - 启动服务: http://0.0.0.0:5000
2026-03-22 21:03:25,382 - web.routes - INFO - 管理员账户 lyh123 已持久化到 users.json
2026-03-22 21:03:25,383 - web.routes - INFO - 用户登录: lyh123
2026-03-22 21:03:32,038 - web.routes - INFO - 管理员账户 lyh123 已持久化到 users.json
2026-03-22 21:03:32,038 - web.routes - INFO - 用户登录: lyh123
2026-03-22 21:03:41,568 - web.routes - INFO - 管理员账户 lyh123 已持久化到 users.json
2026-03-22 21:03:41,568 - web.routes - INFO - 用户登录: lyh123
2026-03-22 21:13:13,718 - web.routes - INFO - 正在预加载检测器模型...
2026-03-22 21:13:13,718 - models.detector - INFO - 正在初始化检测器...
2026-03-22 21:13:13,718 - models.detector - INFO - 线程 MainThread 正在加载模型权重: E:\learnpytorch\web_fire\weights\best.pt
2026-03-22 21:13:13,799 - web.routes - INFO - ✅ 检测器模型加载成功！
2026-03-22 21:13:13,803 - Bootstrap - INFO - 启动服务: http://0.0.0.0:5000
2026-03-22 21:22:17,971 - web.routes - INFO - 正在预加载检测器模型...
2026-03-22 21:22:17,971 - models.detector - INFO - 正在初始化检测器...
2026-03-22 21:22:17,971 - models.detector - INFO - 线程 MainThread 正在加载模型权重: E:\learnpytorch\web_fire\weights\best.pt
2026-03-22 21:22:18,048 - web.routes - INFO - ✅ 检测器模型加载成功！
2026-03-22 21:22:18,053 - Bootstrap - INFO - 启动服务: http://0.0.0.0:5000
2026-03-22 21:22:23,473 - web.app - ERROR - Exception on /api/models/list [GET]
Traceback (most recent call last):
  File "E:\pytorch\envs\pytorch\lib\site-packages\flask\app.py", line 1473, in wsgi_app
    response = self.full_dispatch_request()
  File "E:\pytorch\envs\pytorch\lib\site-packages\flask\app.py", line 882, in full_dispatch_request
    rv = self.handle_user_exception(e)
  File "E:\pytorch\envs\pytorch\lib\site-packages\flask\app.py", line 880, in full_dispatch_request
    rv = self.dispatch_request()
  File "E:\pytorch\envs\pytorch\lib\site-packages\flask\app.py", line 865, in dispatch_request
    return self.ensure_sync(self.view_functions[rule.endpoint])(**view_args)  # type: ignore[no-any-return]
  File "E:\learnpytorch\web_fire\web\routes.py", line 994, in api_list_models
    os.path.join(BASE_DIR, 'weights'),  # 项目 weights 目录
NameError: name 'BASE_DIR' is not defined
2026-03-22 21:23:07,933 - web.routes - INFO - 正在预加载检测器模型...
2026-03-22 21:23:07,933 - models.detector - INFO - 正在初始化检测器...
2026-03-22 21:23:07,933 - models.detector - INFO - 线程 MainThread 正在加载模型权重: E:\learnpytorch\web_fire\weights\best.pt
2026-03-22 21:23:08,012 - web.routes - INFO - ✅ 检测器模型加载成功！
2026-03-22 21:23:08,018 - Bootstrap - INFO - 启动服务: http://0.0.0.0:5000
2026-03-22 21:23:17,172 - web.routes - INFO - 管理员账户 lyh123 已持久化到 users.json
2026-03-22 21:23:17,172 - web.routes - INFO - 用户登录: lyh123
2026-03-22 21:23:27,839 - web.routes - INFO - 管理员账户 lyh123 已持久化到 users.json
2026-03-22 21:23:27,840 - web.routes - INFO - 用户登录: lyh123
2026-03-22 21:23:31,324 - web.app - ERROR - Exception on /api/models/list [GET]
Traceback (most recent call last):
  File "E:\pytorch\envs\pytorch\lib\site-packages\flask\app.py", line 1473, in wsgi_app
    response = self.full_dispatch_request()
  File "E:\pytorch\envs\pytorch\lib\site-packages\flask\app.py", line 882, in full_dispatch_request
    rv = self.handle_user_exception(e)
  File "E:\pytorch\envs\pytorch\lib\site-packages\flask\app.py", line 880, in full_dispatch_request
    rv = self.dispatch_request()
  File "E:\pytorch\envs\pytorch\lib\site-packages\flask\app.py", line 865, in dispatch_request
    return self.ensure_sync(self.view_functions[rule.endpoint])(**view_args)  # type: ignore[no-any-return]
  File "E:\learnpytorch\web_fire\web\routes.py", line 994, in api_list_models
    os.path.join(BASE_DIR, 'weights'),  # 项目 weights 目录
NameError: name 'BASE_DIR' is not defined
2026-03-22 21:25:56,807 - web.routes - INFO - 正在预加载检测器模型...
2026-03-22 21:25:56,808 - models.detector - INFO - 正在初始化检测器...
2026-03-22 21:25:56,808 - models.detector - INFO - 线程 MainThread 正在加载模型权重: E:\learnpytorch\web_fire\weights\best.pt
2026-03-22 21:25:56,886 - web.routes - INFO - ✅ 检测器模型加载成功！
2026-03-22 21:25:56,891 - Bootstrap - INFO - 启动服务: http://0.0.0.0:5000
2026-03-22 21:27:00,224 - web.routes - INFO - 管理员账户 lyh123 已持久化到 users.json
2026-03-22 21:27:00,224 - web.routes - INFO - 用户登录: lyh123
2026-03-22 21:27:00,228 - web.routes - INFO - 管理员账户 lyh123 已持久化到 users.json
2026-03-22 21:27:00,228 - web.routes - INFO - 用户登录: lyh123
2026-03-22 21:28:11,478 - web.routes - INFO - 文件上传成功: best.pt -> best.pt
2026-03-22 21:29:49,299 - web.routes - INFO - 新任务提交: task_20260322_212949_1 (val)
2026-03-22 21:33:09,828 - web.routes - INFO - 正在预加载检测器模型...
2026-03-22 21:33:09,828 - models.detector - INFO - 正在初始化检测器...
2026-03-22 21:33:09,828 - models.detector - INFO - 线程 MainThread 正在加载模型权重: E:\learnpytorch\web_fire\weights\best.pt
2026-03-22 21:33:09,907 - web.routes - INFO - ✅ 检测器模型加载成功！
2026-03-22 21:33:09,913 - Bootstrap - INFO - 启动服务: http://0.0.0.0:5000
2026-03-22 21:33:36,326 - web.routes - INFO - 管理员账户 lyh123 已持久化到 users.json
2026-03-22 21:33:36,326 - web.routes - INFO - 用户登录: lyh123
2026-03-22 21:34:37,779 - web.routes - INFO - 新任务提交: task_20260322_213437_1 (val)
2026-03-22 21:41:50,280 - web.routes - INFO - 正在预加载检测器模型...
2026-03-22 21:41:50,281 - models.detector - INFO - 正在初始化检测器...
2026-03-22 21:41:50,281 - models.detector - INFO - 线程 MainThread 正在加载模型权重: E:\learnpytorch\web_fire\weights\best.pt
2026-03-22 21:41:50,358 - web.routes - INFO - ✅ 检测器模型加载成功！
2026-03-22 21:41:50,363 - Bootstrap - INFO - 启动服务: http://0.0.0.0:5000
2026-03-22 21:42:33,871 - web.routes - INFO - 新任务提交: task_20260322_214233_1 (val)
2026-03-22 21:46:50,281 - web.routes - INFO - 正在预加载检测器模型...
2026-03-22 21:46:50,281 - models.detector - INFO - 正在初始化检测器...
2026-03-22 21:46:50,281 - models.detector - INFO - 线程 MainThread 正在加载模型权重: E:\learnpytorch\web_fire\weights\best.pt
2026-03-22 21:46:50,360 - web.routes - INFO - ✅ 检测器模型加载成功！
2026-03-22 21:46:50,364 - Bootstrap - INFO - 启动服务: http://0.0.0.0:5000
2026-03-22 21:47:33,259 - web.routes - INFO - 新任务提交: task_20260322_214733_1 (val)
2026-03-22 21:52:17,669 - web.routes - INFO - 正在预加载检测器模型...
2026-03-22 21:52:17,669 - models.detector - INFO - 正在初始化检测器...
2026-03-22 21:52:17,670 - models.detector - INFO - 线程 MainThread 正在加载模型权重: E:\learnpytorch\web_fire\weights\best.pt
2026-03-22 21:52:17,750 - web.routes - INFO - ✅ 检测器模型加载成功！
2026-03-22 21:52:17,755 - Bootstrap - INFO - 启动服务: http://0.0.0.0:5000
2026-03-22 21:52:33,943 - web.routes - INFO - 管理员账户 lyh123 已持久化到 users.json
2026-03-22 21:52:33,943 - web.routes - INFO - 用户登录: lyh123
2026-03-22 21:53:14,093 - web.routes - INFO - 新任务提交: task_20260322_215314_1 (val)
2026-03-22 21:55:03,862 - web.routes - INFO - 正在预加载检测器模型...
2026-03-22 21:55:03,862 - models.detector - INFO - 正在初始化检测器...
2026-03-22 21:55:03,862 - models.detector - INFO - 线程 MainThread 正在加载模型权重: E:\learnpytorch\web_fire\weights\best.pt
2026-03-22 21:55:03,946 - web.routes - INFO - ✅ 检测器模型加载成功！
2026-03-22 21:55:03,951 - Bootstrap - INFO - 启动服务: http://0.0.0.0:5000
2026-03-22 21:55:37,494 - web.routes - INFO - 新任务提交: task_20260322_215537_1 (val)
2026-03-23 08:19:21,512 - web.routes - INFO - 正在预加载检测器模型...
2026-03-23 08:19:21,513 - models.detector - INFO - 正在初始化检测器...
2026-03-23 08:19:21,513 - models.detector - INFO - 线程 MainThread 正在加载模型权重: E:\learnpytorch\web_fire\weights\best.pt
2026-03-23 08:19:21,641 - web.routes - INFO - ✅ 检测器模型加载成功！
2026-03-23 08:19:21,647 - Bootstrap - INFO - 启动服务: http://0.0.0.0:5000
2026-03-23 08:19:42,538 - web.routes - INFO - 管理员账户 lyh123 已持久化到 users.json
2026-03-23 08:19:42,538 - web.routes - INFO - 用户登录: lyh123
2026-03-23 08:20:17,258 - web.routes - INFO - 新任务提交: task_20260323_082017_1 (train)
2026-03-23 08:21:01,913 - web.routes - INFO - 新任务提交: task_20260323_082101_2 (train)
2026-03-23 08:21:22,268 - web.routes - INFO - 新任务提交: task_20260323_082122_3 (train)
2026-03-23 08:23:06,131 - web.routes - INFO - 正在预加载检测器模型...
2026-03-23 08:23:06,132 - models.detector - INFO - 正在初始化检测器...
2026-03-23 08:23:06,132 - models.detector - INFO - 线程 MainThread 正在加载模型权重: E:\learnpytorch\web_fire\weights\best.pt
2026-03-23 08:23:06,212 - web.routes - INFO - ✅ 检测器模型加载成功！
2026-03-23 08:23:06,217 - Bootstrap - INFO - 启动服务: http://0.0.0.0:5000
2026-03-23 08:23:19,519 - web.routes - INFO - 新任务提交: task_20260323_082319_1 (train)
2026-03-23 08:31:19,097 - web.routes - INFO - 正在预加载检测器模型...
2026-03-23 08:31:19,098 - models.detector - INFO - 正在初始化检测器...
2026-03-23 08:31:19,098 - models.detector - INFO - 线程 MainThread 正在加载模型权重: E:\learnpytorch\web_fire\weights\best.pt
2026-03-23 08:31:19,180 - web.routes - INFO - ✅ 检测器模型加载成功！
2026-03-23 08:31:19,184 - Bootstrap - INFO - 启动服务: http://0.0.0.0:5000
2026-03-23 08:31:53,213 - web.routes - INFO - 新任务提交: task_20260323_083153_1 (train)
2026-03-23 08:32:36,733 - web.routes - INFO - 正在预加载检测器模型...
2026-03-23 08:32:36,734 - models.detector - INFO - 正在初始化检测器...
2026-03-23 08:32:36,734 - models.detector - INFO - 线程 MainThread 正在加载模型权重: E:\learnpytorch\web_fire\weights\best.pt
2026-03-23 08:32:36,825 - web.routes - INFO - ✅ 检测器模型加载成功！
2026-03-23 08:32:36,831 - Bootstrap - INFO - 启动服务: http://0.0.0.0:5000
2026-03-23 08:33:11,640 - web.routes - INFO - 新任务提交: task_20260323_083311_1 (val)
2026-03-23 08:41:10,314 - web.routes - INFO - 正在预加载检测器模型...
2026-03-23 08:41:10,314 - models.detector - INFO - 正在初始化检测器...
2026-03-23 08:41:10,314 - models.detector - INFO - 线程 MainThread 正在加载模型权重: E:\learnpytorch\web_fire\weights\best.pt
2026-03-23 08:41:10,399 - web.routes - INFO - ✅ 检测器模型加载成功！
2026-03-23 08:41:10,405 - Bootstrap - INFO - 启动服务: http://0.0.0.0:5000
2026-03-23 08:41:25,240 - web.routes - INFO - 新任务提交: task_20260323_084125_1 (val)
2026-03-23 08:50:20,156 - web.routes - INFO - 正在预加载检测器模型...
2026-03-23 08:50:20,157 - models.detector - INFO - 正在初始化检测器...
2026-03-23 08:50:20,157 - models.detector - INFO - 线程 MainThread 正在加载模型权重: E:\learnpytorch\web_fire\weights\best.pt
2026-03-23 08:50:20,234 - web.routes - INFO - ✅ 检测器模型加载成功！
2026-03-23 08:50:20,239 - Bootstrap - INFO - 启动服务: http://0.0.0.0:5000
2026-03-23 08:51:34,380 - web.routes - INFO - 正在预加载检测器模型...
2026-03-23 08:51:34,380 - models.detector - INFO - 正在初始化检测器...
2026-03-23 08:51:34,380 - models.detector - INFO - 线程 MainThread 正在加载模型权重: E:\learnpytorch\web_fire\weights\best.pt
2026-03-23 08:51:34,462 - web.routes - INFO - ✅ 检测器模型加载成功！
2026-03-23 08:51:34,467 - Bootstrap - INFO - 启动服务: http://0.0.0.0:5000
2026-03-23 08:51:41,453 - web.routes - INFO - 管理员账户 lyh123 已持久化到 users.json
2026-03-23 08:51:41,454 - web.routes - INFO - 用户登录: lyh123
2026-03-23 08:51:58,642 - web.routes - INFO - 用户登出: lyh123
2026-03-23 08:52:03,568 - web.routes - INFO - 管理员账户 lyh123 已持久化到 users.json
2026-03-23 08:52:03,569 - web.routes - INFO - 用户登录: lyh123
2026-03-23 08:52:24,358 - web.routes - INFO - 文件上传成功: 莱茵生命ppt模板.pptx -> 莱茵生命ppt模板.pptx
2026-03-23 08:56:18,475 - web.routes - INFO - 正在预加载检测器模型...
2026-03-23 08:56:18,475 - models.detector - INFO - 正在初始化检测器...
2026-03-23 08:56:18,475 - models.detector - INFO - 线程 MainThread 正在加载模型权重: E:\learnpytorch\web_fire\weights\best.pt
2026-03-23 08:56:18,554 - web.routes - INFO - ✅ 检测器模型加载成功！
2026-03-23 08:56:18,559 - Bootstrap - INFO - 启动服务: http://0.0.0.0:5000
2026-03-23 08:56:25,693 - web.routes - INFO - 管理员账户 lyh123 已持久化到 users.json
2026-03-23 08:56:25,693 - web.routes - INFO - 用户登录: lyh123
2026-03-23 08:56:34,982 - web.routes - INFO - 文件删除成功: public/莱茵生命ppt模板.pptx
2026-03-23 09:05:19,402 - web.routes - INFO - 正在预加载检测器模型...
2026-03-23 09:05:19,402 - models.detector - INFO - 正在初始化检测器...
2026-03-23 09:05:19,402 - models.detector - INFO - 线程 MainThread 正在加载模型权重: E:\learnpytorch\web_fire\weights\best.pt
2026-03-23 09:05:19,481 - web.routes - INFO - ✅ 检测器模型加载成功！
2026-03-23 09:05:19,487 - Bootstrap - INFO - 启动服务: http://0.0.0.0:5000
2026-03-23 09:10:04,980 - web.routes - INFO - 正在预加载检测器模型...
2026-03-23 09:10:04,980 - models.detector - INFO - 正在初始化检测器...
2026-03-23 09:10:04,980 - models.detector - INFO - 线程 MainThread 正在加载模型权重: E:\learnpytorch\web_fire\weights\best.pt
2026-03-23 09:10:05,059 - web.routes - INFO - ✅ 检测器模型加载成功！
2026-03-23 09:10:05,063 - Bootstrap - INFO - 启动服务: http://0.0.0.0:5000
2026-03-23 09:10:12,769 - web.routes - INFO - 管理员账户 lyh123 已持久化到 users.json
2026-03-23 09:10:12,770 - web.routes - INFO - 用户登录: lyh123
2026-03-23 09:14:12,650 - web.routes - INFO - 正在预加载检测器模型...
2026-03-23 09:14:12,651 - models.detector - INFO - 正在初始化检测器...
2026-03-23 09:14:12,651 - models.detector - INFO - 线程 MainThread 正在加载模型权重: E:\learnpytorch\web_fire\weights\best.pt
2026-03-23 09:14:12,734 - web.routes - INFO - ✅ 检测器模型加载成功！
2026-03-23 09:14:12,740 - Bootstrap - INFO - 启动服务: http://0.0.0.0:5000
2026-03-23 09:14:20,966 - web.routes - INFO - 管理员账户 lyh123 已持久化到 users.json
2026-03-23 09:14:20,966 - web.routes - INFO - 用户登录: lyh123
2026-03-23 09:14:27,794 - web.routes - INFO - 用户登出: lyh123
2026-03-23 09:19:07,801 - web.routes - INFO - 正在预加载检测器模型...
2026-03-23 09:19:07,801 - models.detector - INFO - 正在初始化检测器...
2026-03-23 09:19:07,801 - models.detector - INFO - 线程 MainThread 正在加载模型权重: E:\learnpytorch\web_fire\weights\best.pt
2026-03-23 09:19:07,879 - web.routes - INFO - ✅ 检测器模型加载成功！
2026-03-23 09:19:07,884 - Bootstrap - INFO - 启动服务: http://0.0.0.0:5000
2026-03-23 09:19:15,561 - web.routes - INFO - 管理员账户 lyh123 已持久化到 users.json
2026-03-23 09:19:15,561 - web.routes - INFO - 用户登录: lyh123
2026-03-23 09:19:23,911 - web.routes - INFO - 用户登出: lyh123
2026-03-23 09:20:05,276 - web.routes - INFO - 正在预加载检测器模型...
2026-03-23 09:20:05,276 - models.detector - INFO - 正在初始化检测器...
2026-03-23 09:20:05,276 - models.detector - INFO - 线程 MainThread 正在加载模型权重: E:\learnpytorch\web_fire\weights\best.pt
2026-03-23 09:20:05,353 - web.routes - INFO - ✅ 检测器模型加载成功！
2026-03-23 09:20:05,358 - Bootstrap - INFO - 启动服务: http://0.0.0.0:5000
2026-03-23 09:20:18,789 - web.routes - INFO - 管理员账户 lyh123 已持久化到 users.json
2026-03-23 09:20:18,789 - web.routes - INFO - 用户登录: lyh123
2026-03-23 09:20:22,740 - web.routes - INFO - 管理员账户 lyh123 已持久化到 users.json
2026-03-23 09:20:22,740 - web.routes - INFO - 用户登录: lyh123
2026-03-23 09:21:11,242 - web.routes - INFO - 正在预加载检测器模型...
2026-03-23 09:21:11,242 - models.detector - INFO - 正在初始化检测器...
2026-03-23 09:21:11,242 - models.detector - INFO - 线程 MainThread 正在加载模型权重: E:\learnpytorch\web_fire\weights\best.pt
2026-03-23 09:21:11,322 - web.routes - INFO - ✅ 检测器模型加载成功！
2026-03-23 09:21:11,327 - Bootstrap - INFO - 启动服务: http://0.0.0.0:5000
2026-03-23 09:24:25,859 - web.routes - INFO - 正在预加载检测器模型...
2026-03-23 09:24:25,859 - models.detector - INFO - 正在初始化检测器...
2026-03-23 09:24:25,859 - models.detector - INFO - 线程 MainThread 正在加载模型权重: E:\learnpytorch\web_fire\weights\best.pt
2026-03-23 09:24:25,936 - web.routes - INFO - ✅ 检测器模型加载成功！
2026-03-23 09:24:25,940 - Bootstrap - INFO - 启动服务: http://0.0.0.0:5000
2026-03-23 09:26:03,262 - web.routes - INFO - 正在预加载检测器模型...
2026-03-23 09:26:03,262 - models.detector - INFO - 正在初始化检测器...
2026-03-23 09:26:03,262 - models.detector - INFO - 线程 MainThread 正在加载模型权重: E:\learnpytorch\web_fire\weights\best.pt
2026-03-23 09:26:03,340 - web.routes - INFO - ✅ 检测器模型加载成功！
2026-03-23 09:26:03,346 - Bootstrap - INFO - 启动服务: http://0.0.0.0:5000
2026-03-23 09:26:09,600 - web.routes - INFO - 管理员账户 lyh123 已持久化到 users.json
2026-03-23 09:26:09,600 - web.routes - INFO - 用户登录: lyh123
2026-03-23 09:26:19,537 - web.routes - INFO - 用户登出: lyh123
2026-03-23 09:28:45,530 - web.routes - INFO - 正在预加载检测器模型...
2026-03-23 09:28:45,530 - models.detector - INFO - 正在初始化检测器...
2026-03-23 09:28:45,530 - models.detector - INFO - 线程 MainThread 正在加载模型权重: E:\learnpytorch\web_fire\weights\best.pt
2026-03-23 09:28:47,607 - web.routes - INFO - ✅ 检测器模型加载成功！
2026-03-23 09:28:47,612 - Bootstrap - INFO - 启动服务: http://0.0.0.0:5000
2026-03-23 09:29:08,880 - web.routes - INFO - 管理员账户 lyh123 已持久化到 users.json
2026-03-23 09:29:08,881 - web.routes - INFO - 用户登录: lyh123
2026-03-23 09:29:36,256 - web.routes - INFO - 管理员账户 lyh123 已持久化到 users.json
2026-03-23 09:29:36,257 - web.routes - INFO - 用户登录: lyh123
2026-03-23 09:30:32,815 - web.routes - INFO - 用户登出: lyh123
2026-03-23 09:31:22,902 - web.routes - INFO - 正在预加载检测器模型...
2026-03-23 09:31:22,902 - models.detector - INFO - 正在初始化检测器...
2026-03-23 09:31:22,902 - models.detector - INFO - 线程 MainThread 正在加载模型权重: E:\learnpytorch\web_fire\weights\best.pt
2026-03-23 09:31:22,986 - web.routes - INFO - ✅ 检测器模型加载成功！
2026-03-23 09:31:22,992 - Bootstrap - INFO - 启动服务: http://0.0.0.0:5000
2026-03-23 09:31:30,706 - web.routes - INFO - 管理员账户 lyh123 已持久化到 users.json
2026-03-23 09:31:30,706 - web.routes - INFO - 用户登录: lyh666
2026-03-23 09:31:42,887 - web.routes - INFO - 管理员账户 lyh123 已持久化到 users.json
2026-03-23 09:31:42,888 - web.routes - INFO - 用户登录: lyh666
2026-03-23 09:31:54,247 - web.routes - INFO - 用户登出: lyh666
2026-03-23 09:33:20,691 - web.routes - INFO - 正在预加载检测器模型...
2026-03-23 09:33:20,691 - models.detector - INFO - 正在初始化检测器...
2026-03-23 09:33:20,691 - models.detector - INFO - 线程 MainThread 正在加载模型权重: E:\learnpytorch\web_fire\weights\best.pt
2026-03-23 09:33:20,769 - web.routes - INFO - ✅ 检测器模型加载成功！
2026-03-23 09:33:20,775 - Bootstrap - INFO - 启动服务: http://0.0.0.0:5000
2026-03-23 09:33:29,371 - web.routes - INFO - 管理员账户 lyh123 已持久化到 users.json
2026-03-23 09:33:29,371 - web.routes - INFO - 用户登录: lyh123
2026-03-23 09:35:26,367 - web.routes - INFO - 正在预加载检测器模型...
2026-03-23 09:35:26,367 - models.detector - INFO - 正在初始化检测器...
2026-03-23 09:35:26,367 - models.detector - INFO - 线程 MainThread 正在加载模型权重: E:\learnpytorch\web_fire\weights\best.pt
2026-03-23 09:35:26,444 - web.routes - INFO - ✅ 检测器模型加载成功！
2026-03-23 09:35:26,449 - Bootstrap - INFO - 启动服务: http://0.0.0.0:5000
2026-03-23 09:38:27,893 - web.routes - INFO - 正在预加载检测器模型...
2026-03-23 09:38:27,893 - models.detector - INFO - 正在初始化检测器...
2026-03-23 09:38:27,893 - models.detector - INFO - 线程 MainThread 正在加载模型权重: E:\learnpytorch\web_fire\weights\best.pt
2026-03-23 09:38:27,967 - web.routes - INFO - ✅ 检测器模型加载成功！
2026-03-23 09:38:27,973 - Bootstrap - INFO - 启动服务: http://0.0.0.0:5000
2026-03-23 09:39:53,986 - web.routes - INFO - 正在预加载检测器模型...
2026-03-23 09:39:53,986 - models.detector - INFO - 正在初始化检测器...
2026-03-23 09:39:53,986 - models.detector - INFO - 线程 MainThread 正在加载模型权重: E:\learnpytorch\web_fire\weights\best.pt
2026-03-23 09:39:54,061 - web.routes - INFO - ✅ 检测器模型加载成功！
2026-03-23 09:39:54,066 - Bootstrap - INFO - 启动服务: http://0.0.0.0:5000
2026-03-23 09:47:41,481 - web.routes - INFO - 正在预加载检测器模型...
2026-03-23 09:47:41,481 - models.detector - INFO - 正在初始化检测器...
2026-03-23 09:47:41,481 - models.detector - INFO - 线程 MainThread 正在加载模型权重: E:\learnpytorch\web_fire\weights\best.pt
2026-03-23 09:47:41,559 - web.routes - INFO - ✅ 检测器模型加载成功！
2026-03-23 09:47:41,565 - Bootstrap - INFO - 启动服务: http://0.0.0.0:5000
2026-03-23 09:47:46,249 - web.routes - INFO - 用户登出: lyh123
2026-03-23 09:48:15,393 - web.routes - INFO - 管理员账户 lyh123 已持久化到 users.json
2026-03-23 09:48:15,394 - web.routes - INFO - 用户登录: lyh666
2026-03-23 09:53:10,547 - web.routes - INFO - 正在预加载检测器模型...
2026-03-23 09:53:10,547 - models.detector - INFO - 正在初始化检测器...
2026-03-23 09:53:10,547 - models.detector - INFO - 线程 MainThread 正在加载模型权重: E:\learnpytorch\web_fire\weights\best.pt
2026-03-23 09:53:10,624 - web.routes - INFO - ✅ 检测器模型加载成功！
2026-03-23 09:53:10,629 - Bootstrap - INFO - 启动服务: http://0.0.0.0:5000
2026-03-23 09:53:18,495 - web.routes - INFO - 用户登出: lyh666
2026-03-23 09:57:26,794 - web.routes - INFO - 正在预加载检测器模型...
2026-03-23 09:57:26,794 - models.detector - INFO - 正在初始化检测器...
2026-03-23 09:57:26,794 - models.detector - INFO - 线程 MainThread 正在加载模型权重: E:\learnpytorch\web_fire\weights\best.pt
2026-03-23 09:57:26,869 - web.routes - INFO - ✅ 检测器模型加载成功！
2026-03-23 09:57:26,875 - Bootstrap - INFO - 启动服务: http://0.0.0.0:5000
2026-03-23 09:57:42,551 - web.routes - INFO - 管理员账户 lyh123 已持久化到 users.json
2026-03-23 09:57:42,551 - web.routes - INFO - 用户登录: lyh666
2026-03-23 09:57:51,832 - web.routes - INFO - 收到检测任务: DJI_0009.JPG -> 3e2fcb6c9db1450285eacf270c1d3345.JPG
2026-03-23 09:57:52,222 - models.detector - INFO - 总任务数: 13
2026-03-23 09:57:52,223 - models.detector - INFO - 线程 ThreadPoolExecutor-0_0 正在加载模型权重: E:\learnpytorch\web_fire\weights\best.pt
2026-03-23 09:57:52,223 - models.detector - INFO - 线程 ThreadPoolExecutor-0_1 正在加载模型权重: E:\learnpytorch\web_fire\weights\best.pt
2026-03-23 09:57:54,501 - models.detector - INFO - 初步检测框数: 10
2026-03-23 09:57:55,509 - models.detector - INFO - 结果图已保存: E:\learnpytorch\web_fire\storage\results\result_3e2fcb6c9db1450285eacf270c1d3345.JPG
2026-03-23 09:57:55,510 - models.detector - INFO - 检测总耗时: 3.68s
2026-03-23 09:57:55,743 - utils.helpers - INFO - 缩略图生成成功: E:\learnpytorch\web_fire\storage\thumbs\thumb_3e2fcb6c9db1450285eacf270c1d3345.JPG
2026-03-23 09:58:07,424 - web.routes - ERROR - 文件删除失败: result_3e2fcb6c9db1450285eacf270c1d3345.JPG, 错误: [WinError 32] 另一个程序正在使用此文件，进程无法访问。: 'E:\\learnpytorch\\web_fire\\storage\\results\\result_3e2fcb6c9db1450285eacf270c1d3345.JPG'
2026-03-23 09:58:15,317 - web.routes - INFO - 文件删除成功: results/result_3e2fcb6c9db1450285eacf270c1d3345.JPG
2026-03-23 09:58:15,318 - web.app - ERROR - Exception on /storage/results/result_3e2fcb6c9db1450285eacf270c1d3345.JPG [GET]
Traceback (most recent call last):
  File "E:\pytorch\envs\pytorch\lib\site-packages\flask\app.py", line 1473, in wsgi_app
    response = self.full_dispatch_request()
  File "E:\pytorch\envs\pytorch\lib\site-packages\flask\app.py", line 882, in full_dispatch_request
    rv = self.handle_user_exception(e)
  File "E:\pytorch\envs\pytorch\lib\site-packages\flask\app.py", line 880, in full_dispatch_request
    rv = self.dispatch_request()
  File "E:\pytorch\envs\pytorch\lib\site-packages\flask\app.py", line 865, in dispatch_request
    return self.ensure_sync(self.view_functions[rule.endpoint])(**view_args)  # type: ignore[no-any-return]
  File "E:\learnpytorch\web_fire\web\routes.py", line 672, in serve_storage
    return send_from_directory(dir_map[dir], filename, as_attachment=request.args.get('download') == '1')
  File "E:\pytorch\envs\pytorch\lib\site-packages\flask\helpers.py", line 552, in send_from_directory
    return werkzeug.utils.send_from_directory(  # type: ignore[return-value]
  File "E:\pytorch\envs\pytorch\lib\site-packages\werkzeug\utils.py", line 577, in send_from_directory
    return send_file(path_str, environ, **kwargs)
  File "E:\pytorch\envs\pytorch\lib\site-packages\werkzeug\utils.py", line 480, in send_file
    file = open(path, "rb")  # type: ignore
FileNotFoundError: [Errno 2] No such file or directory: 'E:\\learnpytorch\\web_fire\\storage\\results/result_3e2fcb6c9db1450285eacf270c1d3345.JPG'
2026-03-23 09:59:20,236 - web.routes - INFO - 用户登出: lyh666
2026-03-23 09:59:32,646 - web.routes - INFO - 正在预加载检测器模型...
2026-03-23 09:59:32,648 - models.detector - INFO - 正在初始化检测器...
2026-03-23 09:59:32,648 - models.detector - INFO - 线程 MainThread 正在加载模型权重: E:\learnpytorch\web_fire\weights\best.pt
2026-03-23 09:59:32,732 - web.routes - INFO - ✅ 检测器模型加载成功！
2026-03-23 09:59:32,737 - Bootstrap - INFO - 启动服务: http://0.0.0.0:5000
2026-03-23 09:59:40,991 - web.routes - INFO - 管理员账户 lyh123 已持久化到 users.json
2026-03-23 09:59:40,993 - web.routes - INFO - 用户登录: lyh666
2026-03-23 10:01:00,562 - web.routes - INFO - 用户登出: lyh666
2026-03-23 10:01:06,149 - web.routes - INFO - 管理员账户 lyh123 已持久化到 users.json
2026-03-23 10:01:06,150 - web.routes - INFO - 用户登录: lyh123
2026-03-23 10:04:51,878 - web.routes - INFO - 正在预加载检测器模型...
2026-03-23 10:04:51,878 - models.detector - INFO - 正在初始化检测器...
2026-03-23 10:04:51,878 - models.detector - INFO - 线程 MainThread 正在加载模型权重: E:\learnpytorch\web_fire\weights\best.pt
2026-03-23 10:04:51,958 - web.routes - INFO - ✅ 检测器模型加载成功！
2026-03-23 10:04:51,964 - Bootstrap - INFO - 启动服务: http://0.0.0.0:5000
2026-03-23 10:09:30,569 - web.routes - INFO - 正在预加载检测器模型...
2026-03-23 10:09:30,570 - models.detector - INFO - 正在初始化检测器...
2026-03-23 10:09:30,570 - models.detector - INFO - 线程 MainThread 正在加载模型权重: E:\learnpytorch\web_fire\weights\best.pt
2026-03-23 10:09:30,649 - web.routes - INFO - ✅ 检测器模型加载成功！
2026-03-23 10:09:30,655 - Bootstrap - INFO - 启动服务: http://0.0.0.0:5000
2026-03-23 10:10:27,684 - web.routes - INFO - 用户登出: lyh123
2026-03-23 10:16:47,849 - web.routes - INFO - 正在预加载检测器模型...
2026-03-23 10:16:47,849 - models.detector - INFO - 正在初始化检测器...
2026-03-23 10:16:47,849 - models.detector - INFO - 线程 MainThread 正在加载模型权重: E:\learnpytorch\web_fire\weights\best.pt
2026-03-23 10:16:47,927 - web.routes - INFO - ✅ 检测器模型加载成功！
2026-03-23 10:16:47,933 - Bootstrap - INFO - 启动服务: http://0.0.0.0:5000
2026-03-23 10:16:55,382 - web.routes - INFO - 管理员账户 lyh123 已持久化到 users.json
2026-03-23 10:16:55,382 - web.routes - INFO - 用户登录: lyh666
2026-03-23 10:17:19,768 - web.routes - INFO - 新任务提交: task_20260323_101719_1 (val)
2026-03-23 10:18:38,832 - web.routes - INFO - 新任务提交: task_20260323_101838_2 (val)
2026-03-23 10:19:44,083 - web.routes - INFO - 用户登出: lyh666
2026-03-23 10:19:49,717 - web.routes - INFO - 管理员账户 lyh123 已持久化到 users.json
2026-03-23 10:19:49,718 - web.routes - INFO - 用户登录: lyh123
2026-03-23 10:20:46,146 - web.routes - INFO - 用户登出: lyh123
2026-03-23 10:47:36,954 - web.routes - INFO - 正在预加载检测器模型...
2026-03-23 10:47:36,955 - models.detector - INFO - 正在初始化检测器...
2026-03-23 10:47:36,955 - models.detector - INFO - 线程 MainThread 正在加载模型权重: E:\learnpytorch\web_fire\weights\best.pt
2026-03-23 10:47:37,035 - web.routes - INFO - ✅ 检测器模型加载成功！
2026-03-23 10:47:37,040 - Bootstrap - INFO - 启动服务: http://0.0.0.0:5000
2026-03-23 10:48:32,684 - web.routes - INFO - 正在预加载检测器模型...
2026-03-23 10:48:32,684 - models.detector - INFO - 正在初始化检测器...
2026-03-23 10:48:32,684 - models.detector - INFO - 线程 MainThread 正在加载模型权重: E:\learnpytorch\web_fire\weights\best.pt
2026-03-23 10:48:32,764 - web.routes - INFO - ✅ 检测器模型加载成功！
2026-03-23 10:48:32,769 - Bootstrap - INFO - 启动服务: http://0.0.0.0:5000
2026-03-23 10:49:36,530 - web.routes - INFO - 正在预加载检测器模型...
2026-03-23 10:49:36,538 - models.detector - INFO - 正在初始化检测器...
2026-03-23 10:49:36,538 - models.detector - INFO - 线程 MainThread 正在加载模型权重: E:\learnpytorch\web_fire\weights\best.pt
2026-03-23 10:49:36,617 - web.routes - INFO - ✅ 检测器模型加载成功！
2026-03-23 10:49:36,623 - Bootstrap - INFO - 启动服务: http://0.0.0.0:5000
